--- Product creation exception ---
Traceback (most recent call last):
  File "C:\Users\MARCO_MESA\Documents\qr_karaoke_backend\productos.py", line 30, in create_product
    new_product = crud.create_producto(db=db, producto=producto)
  File "C:\Users\MARCO_MESA\Documents\qr_karaoke_backend\crud.py", line 136, in create_producto
    db_producto = models.Producto(**producto_data)
  File "<string>", line 4, in __init__
  File "C:\Users\MARCO_MESA\Documents\qr_karaoke_backend\.venv\Lib\site-packages\sqlalchemy\orm\state.py", line 571, in _initialize_instance
    with util.safe_reraise():
         ~~~~~~~~~~~~~~~~~^^
  File "C:\Users\MARCO_MESA\Documents\qr_karaoke_backend\.venv\Lib\site-packages\sqlalchemy\util\langhelpers.py", line 224, in __exit__
    raise exc_value.with_traceback(exc_tb)
  File "C:\Users\MARCO_MESA\Documents\qr_karaoke_backend\.venv\Lib\site-packages\sqlalchemy\orm\state.py", line 569, in _initialize_instance
    manager.original_init(*mixed[1:], **kwargs)
    ~~~~~~~~~~~~~~~~~~~~~^^^^^^^^^^^^^^^^^^^^^^
  File "C:\Users\MARCO_MESA\Documents\qr_karaoke_backend\.venv\Lib\site-packages\sqlalchemy\orm\decl_base.py", line 2179, in _declarative_constructor
    raise TypeError(
        "%r is an invalid keyword argument for %s" % (k, cls_.__name__)
    )
TypeError: 'imagen_url' is an invalid keyword argument for Producto

--- Product creation exception ---
Traceback (most recent call last):
  File "C:\Users\MARCO_MESA\Documents\qr_karaoke_backend\productos.py", line 30, in create_product
    new_product = crud.create_producto(db=db, producto=producto)
  File "C:\Users\MARCO_MESA\Documents\qr_karaoke_backend\crud.py", line 136, in create_producto
    db_producto = models.Producto(**producto_data)
  File "<string>", line 4, in __init__
  File "C:\Users\MARCO_MESA\Documents\qr_karaoke_backend\.venv\Lib\site-packages\sqlalchemy\orm\state.py", line 571, in _initialize_instance
    with util.safe_reraise():
         ~~~~~~~~~~~~~~~~~^^
  File "C:\Users\MARCO_MESA\Documents\qr_karaoke_backend\.venv\Lib\site-packages\sqlalchemy\util\langhelpers.py", line 224, in __exit__
    raise exc_value.with_traceback(exc_tb)
  File "C:\Users\MARCO_MESA\Documents\qr_karaoke_backend\.venv\Lib\site-packages\sqlalchemy\orm\state.py", line 569, in _initialize_instance
    manager.original_init(*mixed[1:], **kwargs)
    ~~~~~~~~~~~~~~~~~~~~~^^^^^^^^^^^^^^^^^^^^^^
  File "C:\Users\MARCO_MESA\Documents\qr_karaoke_backend\.venv\Lib\site-packages\sqlalchemy\orm\decl_base.py", line 2179, in _declarative_constructor
    raise TypeError(
        "%r is an invalid keyword argument for %s" % (k, cls_.__name__)
    )
TypeError: 'imagen_url' is an invalid keyword argument for Producto

--- Product creation exception ---
Traceback (most recent call last):
  File "C:\Users\MARCO_MESA\Documents\qr_karaoke_backend\productos.py", line 30, in create_product
    new_product = crud.create_producto(db=db, producto=producto)
  File "C:\Users\MARCO_MESA\Documents\qr_karaoke_backend\crud.py", line 136, in create_producto
    db_producto = models.Producto(**producto_data)
  File "<string>", line 4, in __init__
  File "C:\Users\MARCO_MESA\Documents\qr_karaoke_backend\.venv\Lib\site-packages\sqlalchemy\orm\state.py", line 571, in _initialize_instance
    with util.safe_reraise():
         ~~~~~~~~~~~~~~~~~^^
  File "C:\Users\MARCO_MESA\Documents\qr_karaoke_backend\.venv\Lib\site-packages\sqlalchemy\util\langhelpers.py", line 224, in __exit__
    raise exc_value.with_traceback(exc_tb)
  File "C:\Users\MARCO_MESA\Documents\qr_karaoke_backend\.venv\Lib\site-packages\sqlalchemy\orm\state.py", line 569, in _initialize_instance
    manager.original_init(*mixed[1:], **kwargs)
    ~~~~~~~~~~~~~~~~~~~~~^^^^^^^^^^^^^^^^^^^^^^
  File "C:\Users\MARCO_MESA\Documents\qr_karaoke_backend\.venv\Lib\site-packages\sqlalchemy\orm\decl_base.py", line 2179, in _declarative_constructor
    raise TypeError(
        "%r is an invalid keyword argument for %s" % (k, cls_.__name__)
    )
TypeError: 'imagen_url' is an invalid keyword argument for Producto

--- Product creation exception ---
Traceback (most recent call last):
  File "C:\Users\MARCO_MESA\Documents\qr_karaoke_backend\productos.py", line 30, in create_product
    new_product = crud.create_producto(db=db, producto=producto)
  File "C:\Users\MARCO_MESA\Documents\qr_karaoke_backend\crud.py", line 136, in create_producto
    db_producto = models.Producto(**producto_data)
  File "<string>", line 4, in __init__
  File "C:\Users\MARCO_MESA\Documents\qr_karaoke_backend\.venv\Lib\site-packages\sqlalchemy\orm\state.py", line 571, in _initialize_instance
    with util.safe_reraise():
         ~~~~~~~~~~~~~~~~~^^
  File "C:\Users\MARCO_MESA\Documents\qr_karaoke_backend\.venv\Lib\site-packages\sqlalchemy\util\langhelpers.py", line 224, in __exit__
    raise exc_value.with_traceback(exc_tb)
  File "C:\Users\MARCO_MESA\Documents\qr_karaoke_backend\.venv\Lib\site-packages\sqlalchemy\orm\state.py", line 569, in _initialize_instance
    manager.original_init(*mixed[1:], **kwargs)
    ~~~~~~~~~~~~~~~~~~~~~^^^^^^^^^^^^^^^^^^^^^^
  File "C:\Users\MARCO_MESA\Documents\qr_karaoke_backend\.venv\Lib\site-packages\sqlalchemy\orm\decl_base.py", line 2179, in _declarative_constructor
    raise TypeError(
        "%r is an invalid keyword argument for %s" % (k, cls_.__name__)
    )
TypeError: 'imagen_url' is an invalid keyword argument for Producto

--- Product creation exception ---
Traceback (most recent call last):
  File "C:\Users\MARCO_MESA\Documents\qr_karaoke_backend\productos.py", line 30, in create_product
    new_product = crud.create_producto(db=db, producto=producto)
  File "C:\Users\MARCO_MESA\Documents\qr_karaoke_backend\crud.py", line 140, in create_producto
    db_producto = models.Producto(**producto_data)
  File "<string>", line 4, in __init__
  File "C:\Users\MARCO_MESA\Documents\qr_karaoke_backend\.venv\Lib\site-packages\sqlalchemy\orm\state.py", line 571, in _initialize_instance
    with util.safe_reraise():
         ~~~~~~~~~~~~~~~~~^^
  File "C:\Users\MARCO_MESA\Documents\qr_karaoke_backend\.venv\Lib\site-packages\sqlalchemy\util\langhelpers.py", line 224, in __exit__
    raise exc_value.with_traceback(exc_tb)
  File "C:\Users\MARCO_MESA\Documents\qr_karaoke_backend\.venv\Lib\site-packages\sqlalchemy\orm\state.py", line 569, in _initialize_instance
    manager.original_init(*mixed[1:], **kwargs)
    ~~~~~~~~~~~~~~~~~~~~~^^^^^^^^^^^^^^^^^^^^^^
  File "C:\Users\MARCO_MESA\Documents\qr_karaoke_backend\.venv\Lib\site-packages\sqlalchemy\orm\decl_base.py", line 2179, in _declarative_constructor
    raise TypeError(
        "%r is an invalid keyword argument for %s" % (k, cls_.__name__)
    )
TypeError: 'imagen_url' is an invalid keyword argument for Producto

--- Product creation exception ---
Traceback (most recent call last):
  File "C:\Users\MARCO_MESA\Documents\qr_karaoke_backend\.venv\Lib\site-packages\sqlalchemy\engine\base.py", line 1967, in _exec_single_context
    self.dialect.do_execute(
    ~~~~~~~~~~~~~~~~~~~~~~~^
        cursor, str_statement, effective_parameters, context
        ^^^^^^^^^^^^^^^^^^^^^^^^^^^^^^^^^^^^^^^^^^^^^^^^^^^^
    )
    ^
  File "C:\Users\MARCO_MESA\Documents\qr_karaoke_backend\.venv\Lib\site-packages\sqlalchemy\engine\default.py", line 951, in do_execute
    cursor.execute(statement, parameters)
    ~~~~~~~~~~~~~~^^^^^^^^^^^^^^^^^^^^^^^
sqlite3.OperationalError: no such column: productos.imagen_url

The above exception was the direct cause of the following exception:

Traceback (most recent call last):
  File "C:\Users\MARCO_MESA\Documents\qr_karaoke_backend\productos.py", line 26, in create_product
    db_producto = crud.get_producto_by_nombre(db, nombre=producto.nombre)
  File "C:\Users\MARCO_MESA\Documents\qr_karaoke_backend\crud.py", line 126, in get_producto_by_nombre
    return db.query(models.Producto).filter(models.Producto.nombre == nombre).first()
           ~~~~~~~~~~~~~~~~~~~~~~~~~~~~~~~~~~~~~~~~~~~~~~~~~~~~~~~~~~~~~~~~~~~~~~~~^^
  File "C:\Users\MARCO_MESA\Documents\qr_karaoke_backend\.venv\Lib\site-packages\sqlalchemy\orm\query.py", line 2759, in first
    return self.limit(1)._iter().first()  # type: ignore
           ~~~~~~~~~~~~~~~~~~~^^
  File "C:\Users\MARCO_MESA\Documents\qr_karaoke_backend\.venv\Lib\site-packages\sqlalchemy\orm\query.py", line 2857, in _iter
    result: Union[ScalarResult[_T], Result[_T]] = self.session.execute(
                                                  ~~~~~~~~~~~~~~~~~~~~^
        statement,
        ^^^^^^^^^^
        params,
        ^^^^^^^
        execution_options={"_sa_orm_load_options": self.load_options},
        ^^^^^^^^^^^^^^^^^^^^^^^^^^^^^^^^^^^^^^^^^^^^^^^^^^^^^^^^^^^^^^
    )
    ^
  File "C:\Users\MARCO_MESA\Documents\qr_karaoke_backend\.venv\Lib\site-packages\sqlalchemy\orm\session.py", line 2365, in execute
    return self._execute_internal(
           ~~~~~~~~~~~~~~~~~~~~~~^
        statement,
        ^^^^^^^^^^
    ...<4 lines>...
        _add_event=_add_event,
        ^^^^^^^^^^^^^^^^^^^^^^
    )
    ^
  File "C:\Users\MARCO_MESA\Documents\qr_karaoke_backend\.venv\Lib\site-packages\sqlalchemy\orm\session.py", line 2251, in _execute_internal
    result: Result[Any] = compile_state_cls.orm_execute_statement(
                          ~~~~~~~~~~~~~~~~~~~~~~~~~~~~~~~~~~~~~~~^
        self,
        ^^^^^
    ...<4 lines>...
        conn,
        ^^^^^
    )
    ^
  File "C:\Users\MARCO_MESA\Documents\qr_karaoke_backend\.venv\Lib\site-packages\sqlalchemy\orm\context.py", line 306, in orm_execute_statement
    result = conn.execute(
        statement, params or {}, execution_options=execution_options
    )
  File "C:\Users\MARCO_MESA\Documents\qr_karaoke_backend\.venv\Lib\site-packages\sqlalchemy\engine\base.py", line 1419, in execute
    return meth(
        self,
        distilled_parameters,
        execution_options or NO_OPTIONS,
    )
  File "C:\Users\MARCO_MESA\Documents\qr_karaoke_backend\.venv\Lib\site-packages\sqlalchemy\sql\elements.py", line 526, in _execute_on_connection
    return connection._execute_clauseelement(
           ~~~~~~~~~~~~~~~~~~~~~~~~~~~~~~~~~^
        self, distilled_params, execution_options
        ^^^^^^^^^^^^^^^^^^^^^^^^^^^^^^^^^^^^^^^^^
    )
    ^
  File "C:\Users\MARCO_MESA\Documents\qr_karaoke_backend\.venv\Lib\site-packages\sqlalchemy\engine\base.py", line 1641, in _execute_clauseelement
    ret = self._execute_context(
        dialect,
    ...<8 lines>...
        cache_hit=cache_hit,
    )
  File "C:\Users\MARCO_MESA\Documents\qr_karaoke_backend\.venv\Lib\site-packages\sqlalchemy\engine\base.py", line 1846, in _execute_context
    return self._exec_single_context(
           ~~~~~~~~~~~~~~~~~~~~~~~~~^
        dialect, context, statement, parameters
        ^^^^^^^^^^^^^^^^^^^^^^^^^^^^^^^^^^^^^^^
    )
    ^
  File "C:\Users\MARCO_MESA\Documents\qr_karaoke_backend\.venv\Lib\site-packages\sqlalchemy\engine\base.py", line 1986, in _exec_single_context
    self._handle_dbapi_exception(
    ~~~~~~~~~~~~~~~~~~~~~~~~~~~~^
        e, str_statement, effective_parameters, cursor, context
        ^^^^^^^^^^^^^^^^^^^^^^^^^^^^^^^^^^^^^^^^^^^^^^^^^^^^^^^
    )
    ^
  File "C:\Users\MARCO_MESA\Documents\qr_karaoke_backend\.venv\Lib\site-packages\sqlalchemy\engine\base.py", line 2355, in _handle_dbapi_exception
    raise sqlalchemy_exception.with_traceback(exc_info[2]) from e
  File "C:\Users\MARCO_MESA\Documents\qr_karaoke_backend\.venv\Lib\site-packages\sqlalchemy\engine\base.py", line 1967, in _exec_single_context
    self.dialect.do_execute(
    ~~~~~~~~~~~~~~~~~~~~~~~^
        cursor, str_statement, effective_parameters, context
        ^^^^^^^^^^^^^^^^^^^^^^^^^^^^^^^^^^^^^^^^^^^^^^^^^^^^
    )
    ^
  File "C:\Users\MARCO_MESA\Documents\qr_karaoke_backend\.venv\Lib\site-packages\sqlalchemy\engine\default.py", line 951, in do_execute
    cursor.execute(statement, parameters)
    ~~~~~~~~~~~~~~^^^^^^^^^^^^^^^^^^^^^^^
sqlalchemy.exc.OperationalError: (sqlite3.OperationalError) no such column: productos.imagen_url
[SQL: SELECT productos.id AS productos_id, productos.nombre AS productos_nombre, productos.categoria AS productos_categoria, productos.valor AS productos_valor, productos.stock AS productos_stock, productos.imagen_url AS productos_imagen_url, productos.is_active AS productos_is_active 
FROM productos 
WHERE productos.nombre = ?
 LIMIT ? OFFSET ?]
[parameters: ('Gaseosa', 1, 0)]
(Background on this error at: https://sqlalche.me/e/20/e3q8)

